<?xml version="1.0" encoding="UTF-8"?>
<testsuite name="id.adr.mobile.moviesbyparkee.data.mapper.FavoriteMapperTest" tests="2" skipped="0" failures="0" errors="0" timestamp="2026-06-27T00:30:23.631Z" hostname="air-mco-2.supporting.corp.bankmandiri.co.id" time="0.002">
  <properties/>
  <testcase name="FavoriteEntity toModel should map data correctly" classname="id.adr.mobile.moviesbyparkee.data.mapper.FavoriteMapperTest" time="0.002"/>
  <testcase name="MovieItemModel toEntity should map data correctly" classname="id.adr.mobile.moviesbyparkee.data.mapper.FavoriteMapperTest" time="0.0"/>
  <system-out><![CDATA[]]></system-out>
  <system-err><![CDATA[]]></system-err>
</testsuite>
