<?xml version="1.0" encoding="UTF-8"?>
<testsuite name="id.adr.mobile.moviesbyparkee.presentation.main.MainViewModelTest" tests="4" skipped="0" failures="0" errors="0" timestamp="2026-06-27T00:30:25.192Z" hostname="air-mco-2.supporting.corp.bankmandiri.co.id" time="0.013">
  <properties/>
  <testcase name="navigateBack should update navigation state with Back" classname="id.adr.mobile.moviesbyparkee.presentation.main.MainViewModelTest" time="0.003"/>
  <testcase name="navigateToDetail should update navigation state with ToDetail" classname="id.adr.mobile.moviesbyparkee.presentation.main.MainViewModelTest" time="0.004"/>
  <testcase name="navigateToFavorite should update navigation state with ToFavorite" classname="id.adr.mobile.moviesbyparkee.presentation.main.MainViewModelTest" time="0.003"/>
  <testcase name="onNavigationConsumed should set navigation state to null" classname="id.adr.mobile.moviesbyparkee.presentation.main.MainViewModelTest" time="0.002"/>
  <system-out><![CDATA[]]></system-out>
  <system-err><![CDATA[]]></system-err>
</testsuite>
