<?xml version="1.0" encoding="UTF-8"?>
<testsuite name="id.adr.mobile.moviesbyparkee.domain.mapper.DetailMapperTest" tests="2" skipped="0" failures="0" errors="0" timestamp="2026-06-27T00:30:23.714Z" hostname="air-mco-2.supporting.corp.bankmandiri.co.id" time="0.001">
  <properties/>
  <testcase name="MovieItemModel orEmpty should return object when not null" classname="id.adr.mobile.moviesbyparkee.domain.mapper.DetailMapperTest" time="0.001"/>
  <testcase name="MovieItemModel orEmpty should return default object when null" classname="id.adr.mobile.moviesbyparkee.domain.mapper.DetailMapperTest" time="0.0"/>
  <system-out><![CDATA[]]></system-out>
  <system-err><![CDATA[]]></system-err>
</testsuite>
