<?xml version="1.0" encoding="UTF-8"?>
<testsuite name="id.adr.mobile.moviesbyparkee.data.mapper.DetailMapperTest" tests="2" skipped="0" failures="0" errors="0" timestamp="2026-06-27T00:30:23.610Z" hostname="air-mco-2.supporting.corp.bankmandiri.co.id" time="0.02">
  <properties/>
  <testcase name="GetDetailMovieReviewsResponse toModel should map data correctly" classname="id.adr.mobile.moviesbyparkee.data.mapper.DetailMapperTest" time="0.019"/>
  <testcase name="GetDetailMovieReviewsResponse toModel should handle null values" classname="id.adr.mobile.moviesbyparkee.data.mapper.DetailMapperTest" time="0.001"/>
  <system-out><![CDATA[]]></system-out>
  <system-err><![CDATA[]]></system-err>
</testsuite>
