<?xml version="1.0" encoding="UTF-8"?>
<testsuite name="id.adr.mobile.moviesbyparkee.presentation.favorite.FavoriteViewModelTest" tests="1" skipped="0" failures="0" errors="0" timestamp="2026-06-27T00:30:25.133Z" hostname="air-mco-2.supporting.corp.bankmandiri.co.id" time="0.022">
  <properties/>
  <testcase name="getFavorites should update uiState with favorite movies" classname="id.adr.mobile.moviesbyparkee.presentation.favorite.FavoriteViewModelTest" time="0.021"/>
  <system-out><![CDATA[]]></system-out>
  <system-err><![CDATA[]]></system-err>
</testsuite>
