<?xml version="1.0" encoding="UTF-8"?>
<testsuite name="id.adr.mobile.moviesbyparkee.data.mapper.HomeMapperTest" tests="2" skipped="0" failures="0" errors="0" timestamp="2026-06-27T00:30:23.634Z" hostname="air-mco-2.supporting.corp.bankmandiri.co.id" time="0.079">
  <properties/>
  <testcase name="GetMoviesResponse toModel should map data correctly" classname="id.adr.mobile.moviesbyparkee.data.mapper.HomeMapperTest" time="0.079"/>
  <testcase name="GetMoviesResponse toModel should handle null values" classname="id.adr.mobile.moviesbyparkee.data.mapper.HomeMapperTest" time="0.0"/>
  <system-out><![CDATA[]]></system-out>
  <system-err><![CDATA[]]></system-err>
</testsuite>
